mode: set
rat/graph/graph.go:56.30,57.25 1 0
rat/graph/graph.go:57.25,59.3 1 0
rat/graph/graph.go:61.2,61.22 1 0
rat/graph/graph.go:65.52,67.16 2 0
rat/graph/graph.go:67.16,69.3 1 0
rat/graph/graph.go:71.2,73.23 1 0
rat/graph/graph.go:73.23,76.66 1 0
rat/graph/graph.go:76.66,78.5 1 0
rat/graph/graph.go:80.4,80.66 1 0
rat/graph/graph.go:80.66,82.5 1 0
rat/graph/graph.go:84.4,84.35 1 0
rat/graph/graph.go:84.35,86.5 1 0
rat/graph/graph.go:88.4,88.15 1 0
rat/graph/graph.go:92.2,92.19 1 0
rat/graph/graph.go:96.63,98.16 2 0
rat/graph/graph.go:98.16,102.3 1 0
rat/graph/graph.go:104.2,105.16 2 0
rat/graph/graph.go:105.16,107.3 1 0
rat/graph/graph.go:109.2,109.17 1 0
rat/graph/graph.go:113.44,114.25 1 0
rat/graph/graph.go:114.25,116.17 2 0
rat/graph/graph.go:116.17,118.4 1 0
rat/graph/graph.go:120.3,120.19 1 0
rat/graph/graph.go:123.2,123.25 1 0
rat/graph/graph.go:131.9,133.16 2 0
rat/graph/graph.go:133.16,135.3 1 0
rat/graph/graph.go:137.2,137.20 1 0
rat/graph/graph.go:137.20,139.3 1 0
rat/graph/graph.go:141.2,141.31 1 0
rat/graph/graph.go:145.50,147.16 2 0
rat/graph/graph.go:147.16,149.3 1 0
rat/graph/graph.go:151.2,151.20 1 0
rat/graph/graph.go:155.63,162.16 3 0
rat/graph/graph.go:162.16,164.3 1 0
rat/graph/graph.go:166.2,168.33 1 0
rat/graph/graph.go:168.33,168.51 1 0
rat/graph/graph.go:169.23,169.41 1 0
rat/graph/graph.go:171.2,171.16 1 0
rat/graph/graph.go:171.16,173.3 1 0
rat/graph/graph.go:175.2,177.33 1 0
rat/graph/graph.go:177.33,177.53 1 0
rat/graph/graph.go:178.23,178.41 1 0
rat/graph/graph.go:180.2,180.16 1 0
rat/graph/graph.go:180.16,182.3 1 0
rat/graph/graph.go:184.2,186.33 1 0
rat/graph/graph.go:186.33,186.54 1 0
rat/graph/graph.go:187.23,187.41 1 0
rat/graph/graph.go:189.2,189.16 1 0
rat/graph/graph.go:189.16,191.3 1 0
rat/graph/graph.go:193.2,195.40 1 0
rat/graph/graph.go:195.40,195.62 1 0
rat/graph/graph.go:196.31,196.51 1 0
rat/graph/graph.go:198.2,198.16 1 0
rat/graph/graph.go:198.16,199.42 1 0
rat/graph/graph.go:199.42,201.4 1 0
rat/graph/graph.go:203.3,203.20 1 0
rat/graph/graph.go:206.2,206.16 1 0
rat/graph/graph.go:210.54,222.45 3 0
rat/graph/graph.go:222.45,225.27 2 0
rat/graph/graph.go:225.27,227.5 1 0
rat/graph/graph.go:229.4,230.18 2 0
rat/graph/graph.go:230.18,234.5 2 0
rat/graph/graph.go:236.4,236.23 1 0
rat/graph/graph.go:236.23,241.5 3 0
rat/graph/graph.go:243.4,243.32 1 0
rat/graph/graph.go:243.32,245.5 1 0
rat/graph/graph.go:247.4,250.20 3 0
rat/graph/graph.go:253.2,253.16 1 0
rat/graph/graph.go:253.16,255.3 1 0
rat/graph/graph.go:257.2,257.19 1 0
rat/graph/graph.go:257.19,261.43 1 0
rat/graph/graph.go:261.43,261.65 1 0
rat/graph/graph.go:267.2,267.18 1 0
rat/graph/graph.go:267.18,269.3 1 0
rat/graph/graph.go:271.2,271.22 1 0
rat/graph/graph.go:271.22,273.3 1 0
rat/graph/graph.go:275.2,275.16 1 0
rat/graph/graph.go:279.56,284.41 2 0
rat/graph/graph.go:284.41,288.4 2 0
rat/graph/graph.go:290.2,290.16 1 0
rat/graph/graph.go:290.16,292.3 1 0
rat/graph/graph.go:294.2,294.24 1 0
rat/graph/graph.go:301.9,303.16 2 0
rat/graph/graph.go:303.16,305.3 1 0
rat/graph/graph.go:307.2,307.29 1 0
rat/graph/graph.go:307.29,309.17 2 0
rat/graph/graph.go:309.17,311.4 1 0
rat/graph/graph.go:313.3,313.16 1 0
rat/graph/graph.go:313.16,314.12 1 0
rat/graph/graph.go:317.3,318.17 2 0
rat/graph/graph.go:318.17,320.4 1 0
rat/graph/graph.go:323.2,323.12 1 0
rat/graph/graph.go:332.14,335.30 2 0
rat/graph/graph.go:335.30,338.20 2 0
rat/graph/graph.go:338.20,340.4 1 0
rat/graph/graph.go:343.2,344.16 2 0
rat/graph/graph.go:344.16,346.3 1 0
rat/graph/graph.go:348.2,348.37 1 0
rat/graph/graph.go:348.37,349.31 1 0
rat/graph/graph.go:349.31,351.4 1 0
rat/graph/graph.go:353.3,355.19 2 0
rat/graph/graph.go:355.19,357.4 1 0
rat/graph/graph.go:359.3,359.20 1 0
rat/graph/graph.go:362.2,362.65 1 0
rat/graph/graph.go:365.60,367.16 2 0
rat/graph/graph.go:367.16,369.3 1 0
rat/graph/graph.go:371.2,372.16 2 0
rat/graph/graph.go:372.16,374.3 1 0
rat/graph/graph.go:376.2,379.16 3 0
rat/graph/graph.go:379.16,381.3 1 0
rat/graph/graph.go:383.2,386.16 3 0
rat/graph/graph.go:386.16,388.3 1 0
rat/graph/graph.go:390.2,391.16 2 0
rat/graph/graph.go:391.16,393.3 1 0
rat/graph/graph.go:395.2,396.20 2 0
rat/graph/graph.go:396.20,398.3 1 0
rat/graph/graph.go:400.2,402.22 2 0
rat/graph/graph.go:402.22,404.3 1 0
rat/graph/graph.go:406.2,415.8 1 0
rat/graph/graph.go:418.40,421.25 2 1
rat/graph/graph.go:421.25,422.53 1 1
rat/graph/graph.go:422.53,423.12 1 1
rat/graph/graph.go:426.3,426.24 1 1
rat/graph/graph.go:429.2,429.17 1 1
rat/graph/template.go:64.49,85.2 7 0
rat/graph/template.go:88.71,90.16 2 0
rat/graph/template.go:90.16,92.3 1 0
rat/graph/template.go:94.2,97.16 3 0
rat/graph/template.go:97.16,99.3 1 0
rat/graph/template.go:101.2,101.27 1 0
rat/graph/template.go:105.67,107.16 2 0
rat/graph/template.go:107.16,109.17 2 0
rat/graph/template.go:109.17,111.4 1 0
rat/graph/template.go:113.3,116.17 3 0
rat/graph/template.go:116.17,118.4 1 0
rat/graph/template.go:120.3,121.17 2 0
rat/graph/template.go:121.17,123.4 1 0
rat/graph/template.go:126.2,126.15 1 0
rat/graph/template.go:130.71,134.16 3 0
rat/graph/template.go:134.16,136.3 1 0
rat/graph/template.go:138.2,139.16 2 0
rat/graph/template.go:139.16,141.3 1 0
rat/graph/template.go:143.2,143.27 1 0
